
**** Build of configuration Debug for project libF28027 ****

"C:\\ti\\ccsv6\\utils\\bin\\gmake" -j 8 all 
gmake: Nothing to be done for `all'.

**** Build Finished ****

**** Build of configuration Debug for project firmware ****

"C:\\ti\\ccsv6\\utils\\bin\\gmake" -j 8 all 
'Building file: ../init.c'
'Building file: ../libSCI.c'
'Building file: ../main.c'
'Invoking: C2000 Compiler'
"C:/ti/ccsv6/tools/compiler/ti-cgt-c2000_6.4.5/bin/cl2000" -v28 -mt -ml --include_path="C:/Users/Jack/Documents/GitHub/BlenderBrain/libF28027" --include_path="C:/Users/Jack/Documents/GitHub/BlenderBrain/libF28027/include" --preproc_with_compile --preproc_dependency="init.pp"  "../init.c"
'Invoking: C2000 Compiler'
'Invoking: C2000 Compiler'
"C:/ti/ccsv6/tools/compiler/ti-cgt-c2000_6.4.5/bin/cl2000" -v28 -mt -ml --include_path="C:/Users/Jack/Documents/GitHub/BlenderBrain/libF28027" --include_path="C:/Users/Jack/Documents/GitHub/BlenderBrain/libF28027/include" --preproc_with_compile --preproc_dependency="libSCI.pp"  "../libSCI.c"
"C:/ti/ccsv6/tools/compiler/ti-cgt-c2000_6.4.5/bin/cl2000" -v28 -mt -ml --include_path="C:/Users/Jack/Documents/GitHub/BlenderBrain/libF28027" --include_path="C:/Users/Jack/Documents/GitHub/BlenderBrain/libF28027/include" --preproc_with_compile --preproc_dependency="main.pp"  "../main.c"
'Finished building: ../libSCI.c'
' '
'Finished building: ../init.c'
' '
'Finished building: ../main.c'
' '
'Building target: firmware.out'
'Invoking: C2000 Linker'
"C:/ti/ccsv6/tools/compiler/ti-cgt-c2000_6.4.5/bin/cl2000" -v28 -mt -ml -z --stack_size=0x300 --warn_sections --reread_libs --rom_model -o "firmware.out" "./init.obj" "./libSCI.obj" "./main.obj" "../F28027.cmd" "../nonBIOS.cmd"  -l"C:\Users\Jack\Documents\GitHub\BlenderBrain\libF28027\include\libc\libc.a" -l"C:\Users\Jack\Documents\GitHub\BlenderBrain\libF28027\Debug\libF28027.lib" 
<Linking>
'Finished building target: firmware.out'
' '

**** Build Finished ****

**** Build of configuration Debug for project libF28027 ****

"C:\\ti\\ccsv6\\utils\\bin\\gmake" -j 8 all 
gmake: Nothing to be done for `all'.

**** Build Finished ****

**** Build of configuration Debug for project libF28027 ****

"C:\\ti\\ccsv6\\utils\\bin\\gmake" -j 8 all 
gmake: Nothing to be done for `all'.

**** Build Finished ****

**** Build of configuration Debug for project firmware ****

"C:\\ti\\ccsv6\\utils\\bin\\gmake" -j 8 all 
gmake: Nothing to be done for `all'.

**** Build Finished ****

**** Build of configuration Debug for project libF28027 ****

"C:\\ti\\ccsv6\\utils\\bin\\gmake" -j 8 all 
gmake: Nothing to be done for `all'.

**** Build Finished ****

**** Build of configuration Debug for project libF28027 ****

"C:\\ti\\ccsv6\\utils\\bin\\gmake" -j 8 all 
gmake: Nothing to be done for `all'.

**** Build Finished ****

**** Build of configuration Debug for project firmware ****

"C:\\ti\\ccsv6\\utils\\bin\\gmake" -j 8 all 
gmake: Nothing to be done for `all'.

**** Build Finished ****

**** Build of configuration Debug for project libF28027 ****

"C:\\ti\\ccsv6\\utils\\bin\\gmake" -j 8 all 
gmake: Nothing to be done for `all'.

**** Build Finished ****

**** Build of configuration Debug for project libF28027 ****

"C:\\ti\\ccsv6\\utils\\bin\\gmake" -j 8 all 
gmake: Nothing to be done for `all'.

**** Build Finished ****

**** Build of configuration Debug for project firmware ****

"C:\\ti\\ccsv6\\utils\\bin\\gmake" -j 8 all 
gmake: Nothing to be done for `all'.

**** Build Finished ****

**** Build of configuration Debug for project libF28027 ****

"C:\\ti\\ccsv6\\utils\\bin\\gmake" -j 8 all 
gmake: Nothing to be done for `all'.

**** Build Finished ****

**** Build of configuration Debug for project libF28027 ****

"C:\\ti\\ccsv6\\utils\\bin\\gmake" -j 8 all 
gmake: Nothing to be done for `all'.

**** Build Finished ****

**** Build of configuration Debug for project firmware ****

"C:\\ti\\ccsv6\\utils\\bin\\gmake" -j 8 all 
gmake: Nothing to be done for `all'.

**** Build Finished ****

**** Build of configuration Debug for project libF28027 ****

"C:\\ti\\ccsv6\\utils\\bin\\gmake" -j 8 all 
gmake: Nothing to be done for `all'.

**** Build Finished ****

**** Build of configuration Debug for project libF28027 ****

"C:\\ti\\ccsv6\\utils\\bin\\gmake" -j 8 all 
gmake: Nothing to be done for `all'.

**** Build Finished ****

**** Build of configuration Debug for project firmware ****

"C:\\ti\\ccsv6\\utils\\bin\\gmake" -j 8 all 
gmake: Nothing to be done for `all'.

**** Build Finished ****

**** Build of configuration Debug for project libF28027 ****

"C:\\ti\\ccsv6\\utils\\bin\\gmake" -j 8 all 
gmake: Nothing to be done for `all'.

**** Build Finished ****

**** Build of configuration Debug for project libF28027 ****

"C:\\ti\\ccsv6\\utils\\bin\\gmake" -j 8 all 
gmake: Nothing to be done for `all'.

**** Build Finished ****

**** Build of configuration Debug for project firmware ****

"C:\\ti\\ccsv6\\utils\\bin\\gmake" -j 8 all 
gmake: Nothing to be done for `all'.

**** Build Finished ****
